[2m2025-07-15T14:36:34.671082Z[0m [31mERROR[0m [2mglazewm[0m[2m:[0m No workspace config available to activate workspace.
[2m2025-07-15T14:36:44.271607Z[0m [31mERROR[0m [2mglazewm[0m[2m:[0m No workspace config available to activate workspace.
[2m2025-07-15T14:39:07.110180Z[0m [31mERROR[0m [2mglazewm[0m[2m:[0m No displayed workspace.
[2m2025-07-15T14:39:11.988161Z[0m [31mERROR[0m [2mglazewm[0m[2m:[0m No displayed workspace.
[2m2025-07-15T14:39:58.302563Z[0m [31mERROR[0m [2mglazewm[0m[2m:[0m No displayed workspace.
[2m2025-07-16T12:35:16.541386Z[0m [31mERROR[0m [2mglazewm[0m[2m:[0m No workspace config available to activate workspace.
[2m2025-07-16T12:36:21.138841Z[0m [31mERROR[0m [2mglazewm[0m[2m:[0m Failed to send response: channel closed
[2m2025-07-16T12:36:21.139824Z[0m [31mERROR[0m [2mglazewm[0m[2m:[0m Failed to send response: channel closed
[2m2025-07-16T12:36:21.150729Z[0m [31mERROR[0m [2mglazewm[0m[2m:[0m No workspace config available to activate workspace.
[2m2025-07-16T18:13:21.264082Z[0m [31mERROR[0m [2mglazewm[0m[2m:[0m No workspace config available to activate workspace.
[2m2025-07-16T18:13:34.293380Z[0m [31mERROR[0m [2mglazewm[0m[2m:[0m No workspace config available to activate workspace.
[2m2025-07-22T18:38:59.364827Z[0m [31mERROR[0m [2mglazewm[0m[2m:[0m No workspace config available to activate workspace.
[2m2025-07-22T18:39:24.603177Z[0m [31mERROR[0m [2mglazewm[0m[2m:[0m No workspace config available to activate workspace.
[2m2025-07-22T18:40:16.793427Z[0m [31mERROR[0m [2mglazewm[0m[2m:[0m Another instance of the application is already running.
[2m2025-07-22T21:10:17.151531Z[0m [31mERROR[0m [2mglazewm[0m[2m:[0m Failed to send response: channel closed
[2m2025-07-22T21:10:17.184415Z[0m [31mERROR[0m [2mglazewm[0m[2m:[0m Failed to send response: channel closed
[2m2025-07-22T21:10:17.185152Z[0m [31mERROR[0m [2mglazewm[0m[2m:[0m Failed to send response: channel closed
[2m2025-07-23T18:02:36.296230Z[0m [31mERROR[0m [2mglazewm[0m[2m:[0m No workspace config available to activate workspace.
[2m2025-07-23T18:02:51.666589Z[0m [31mERROR[0m [2mglazewm[0m[2m:[0m No workspace config available to activate workspace.
[2m2025-07-23T18:02:54.238822Z[0m [31mERROR[0m [2mglazewm[0m[2m:[0m No workspace config available to activate workspace.
[2m2025-07-23T18:02:55.098944Z[0m [31mERROR[0m [2mglazewm[0m[2m:[0m No Workspace
[2m2025-07-23T20:41:06.605065Z[0m [31mERROR[0m [2mglazewm[0m[2m:[0m Another instance of the application is already running.
[2m2025-07-23T20:44:30.711622Z[0m [31mERROR[0m [2mglazewm[0m[2m:[0m Another instance of the application is already running.
[2m2025-07-24T15:56:02.737772Z[0m [31mERROR[0m [2mglazewm[0m[2m:[0m Failed to send response: channel closed
[2m2025-07-24T18:53:38.196991Z[0m [31mERROR[0m [2mglazewm[0m[2m:[0m Failed to send response: channel closed
[2m2025-07-24T18:53:38.197355Z[0m [31mERROR[0m [2mglazewm[0m[2m:[0m Failed to send response: channel closed
[2m2025-07-24T18:53:38.197907Z[0m [31mERROR[0m [2mglazewm[0m[2m:[0m Failed to send response: channel closed
[2m2025-07-24T18:53:38.198303Z[0m [31mERROR[0m [2mglazewm[0m[2m:[0m Failed to send response: channel closed
[2m2025-07-24T18:53:38.198578Z[0m [31mERROR[0m [2mglazewm[0m[2m:[0m Failed to send response: channel closed
[2m2025-07-24T18:53:38.198818Z[0m [31mERROR[0m [2mglazewm[0m[2m:[0m Failed to send response: channel closed
[2m2025-07-24T18:53:38.199010Z[0m [31mERROR[0m [2mglazewm[0m[2m:[0m Failed to send response: channel closed
[2m2025-07-24T18:53:38.199232Z[0m [31mERROR[0m [2mglazewm[0m[2m:[0m Failed to send response: channel closed
[2m2025-07-24T18:53:38.199505Z[0m [31mERROR[0m [2mglazewm[0m[2m:[0m Failed to send response: channel closed
[2m2025-07-24T18:53:38.199726Z[0m [31mERROR[0m [2mglazewm[0m[2m:[0m Failed to send response: channel closed
[2m2025-07-24T18:53:38.200014Z[0m [31mERROR[0m [2mglazewm[0m[2m:[0m Failed to send response: channel closed
[2m2025-07-24T18:53:38.200706Z[0m [31mERROR[0m [2mglazewm[0m[2m:[0m Failed to send response: channel closed
[2m2025-07-24T18:53:38.201057Z[0m [31mERROR[0m [2mglazewm[0m[2m:[0m Failed to send response: channel closed
[2m2025-07-24T18:53:38.201290Z[0m [31mERROR[0m [2mglazewm[0m[2m:[0m Failed to send response: channel closed
[2m2025-07-24T18:53:38.201556Z[0m [31mERROR[0m [2mglazewm[0m[2m:[0m Failed to send response: channel closed
[2m2025-07-30T20:09:47.753780Z[0m [31mERROR[0m [2mglazewm[0m[2m:[0m Failed to send response: channel closed
[2m2025-07-30T20:09:48.114254Z[0m [31mERROR[0m [2mglazewm[0m[2m:[0m Failed to send response: channel closed
[2m2025-07-30T20:09:48.114484Z[0m [31mERROR[0m [2mglazewm[0m[2m:[0m Failed to send response: channel closed
[2m2025-08-06T00:12:45.339555Z[0m [31mERROR[0m [2mglazewm[0m[2m:[0m Failed to send response: channel closed
[2m2025-08-06T00:12:45.491833Z[0m [31mERROR[0m [2mglazewm[0m[2m:[0m Failed to send response: channel closed
[2m2025-08-06T00:12:45.492246Z[0m [31mERROR[0m [2mglazewm[0m[2m:[0m Failed to send response: channel closed
[2m2025-08-06T00:12:45.492924Z[0m [31mERROR[0m [2mglazewm[0m[2m:[0m Failed to send response: channel closed
[2m2025-08-06T00:12:45.493358Z[0m [31mERROR[0m [2mglazewm[0m[2m:[0m Failed to send response: channel closed
[2m2025-08-06T00:12:45.493695Z[0m [31mERROR[0m [2mglazewm[0m[2m:[0m Failed to send response: channel closed
[2m2025-08-11T15:27:06.144163Z[0m [31mERROR[0m [2mglazewm[0m[2m:[0m No workspace config available to activate workspace.
[2m2025-08-11T15:27:35.973001Z[0m [31mERROR[0m [2mglazewm[0m[2m:[0m No workspace config available to activate workspace.
[2m2025-08-11T15:27:39.710998Z[0m [31mERROR[0m [2mglazewm[0m[2m:[0m No workspace config available to activate workspace.
[2m2025-08-11T15:27:40.466730Z[0m [31mERROR[0m [2mglazewm[0m[2m:[0m No Workspace
[2m2025-08-12T01:44:22.762941Z[0m [31mERROR[0m [2mglazewm[0m[2m:[0m Failed to send response: channel closed
[2m2025-08-12T15:02:10.714876Z[0m [31mERROR[0m [2mglazewm[0m[2m:[0m Failed to send response: channel closed
[2m2025-08-28T14:46:58.287550Z[0m [31mERROR[0m [2mglazewm[0m[2m:[0m No workspace config available to activate workspace.
[2m2025-08-28T14:47:42.290933Z[0m [31mERROR[0m [2mglazewm[0m[2m:[0m Failed to send response: channel closed
[2m2025-08-28T14:47:42.291191Z[0m [31mERROR[0m [2mglazewm[0m[2m:[0m Failed to send response: channel closed
[2m2025-08-28T14:47:47.239123Z[0m [31mERROR[0m [2mglazewm[0m[2m:[0m No workspace config available to activate workspace.
[2m2025-08-28T14:48:52.940329Z[0m [31mERROR[0m [2mglazewm[0m[2m:[0m No workspace config available to activate workspace.
[2m2025-08-28T14:48:53.680552Z[0m [31mERROR[0m [2mglazewm[0m[2m:[0m No Workspace
[2m2025-08-28T14:48:55.228473Z[0m [31mERROR[0m [2mglazewm[0m[2m:[0m No Workspace
[2m2025-09-01T02:03:08.042180Z[0m [31mERROR[0m [2mglazewm[0m[2m:[0m No workspace config available to activate workspace.
[2m2025-09-01T02:03:55.429765Z[0m [31mERROR[0m [2mglazewm[0m[2m:[0m No workspace config available to activate workspace.
[2m2025-09-01T02:03:58.670162Z[0m [31mERROR[0m [2mglazewm[0m[2m:[0m No Workspace
[2m2025-09-01T02:06:04.953443Z[0m [31mERROR[0m [2mglazewm[0m[2m:[0m No Workspace
[2m2025-09-01T02:06:07.991305Z[0m [31mERROR[0m [2mglazewm[0m[2m:[0m No Workspace
[2m2025-09-16T01:00:41.198504Z[0m [31mERROR[0m [2mglazewm[0m[2m:[0m Failed to send response: channel closed
[2m2025-09-16T01:00:41.679147Z[0m [31mERROR[0m [2mglazewm[0m[2m:[0m Failed to send response: channel closed
[2m2025-09-16T13:47:57.905470Z[0m [31mERROR[0m [2mglazewm[0m[2m:[0m No workspace config available to activate workspace.
[2m2025-09-16T13:48:21.372529Z[0m [31mERROR[0m [2mglazewm[0m[2m:[0m No workspace config available to activate workspace.
[2m2025-09-16T13:48:23.273677Z[0m [31mERROR[0m [2mglazewm[0m[2m:[0m No Workspace
[2m2025-09-17T00:07:57.117097Z[0m [31mERROR[0m [2mglazewm[0m[2m:[0m Failed to send response: channel closed
[2m2025-09-17T00:07:57.122706Z[0m [31mERROR[0m [2mglazewm[0m[2m:[0m Failed to send response: channel closed
[2m2025-09-17T00:07:57.123046Z[0m [31mERROR[0m [2mglazewm[0m[2m:[0m Failed to send response: channel closed
[2m2025-09-29T13:43:51.091500Z[0m [31mERROR[0m [2mglazewm[0m[2m:[0m Another instance of the application is already running.
[2m2025-09-29T23:10:25.548187Z[0m [31mERROR[0m [2mglazewm[0m[2m:[0m Failed to send response: channel closed
[2m2025-09-29T23:10:25.549681Z[0m [31mERROR[0m [2mglazewm[0m[2m:[0m Failed to send response: channel closed
[2m2025-09-29T23:10:25.550641Z[0m [31mERROR[0m [2mglazewm[0m[2m:[0m Failed to send response: channel closed
[2m2025-09-29T23:10:25.551918Z[0m [31mERROR[0m [2mglazewm[0m[2m:[0m Failed to send response: channel closed
[2m2025-09-29T23:10:25.552219Z[0m [31mERROR[0m [2mglazewm[0m[2m:[0m Failed to send response: channel closed
[2m2025-09-29T23:10:25.555726Z[0m [31mERROR[0m [2mglazewm[0m[2m:[0m Failed to send response: channel closed
[2m2025-09-29T23:10:25.556571Z[0m [31mERROR[0m [2mglazewm[0m[2m:[0m Failed to send response: channel closed
[2m2025-09-29T23:10:25.556984Z[0m [31mERROR[0m [2mglazewm[0m[2m:[0m Failed to send response: channel closed
[2m2025-09-29T23:10:25.557251Z[0m [31mERROR[0m [2mglazewm[0m[2m:[0m Failed to send response: channel closed
[2m2025-09-29T23:10:25.557808Z[0m [31mERROR[0m [2mglazewm[0m[2m:[0m Failed to send response: channel closed
[2m2025-09-30T13:51:39.311334Z[0m [31mERROR[0m [2mglazewm[0m[2m:[0m No workspace config available to activate workspace.
[2m2025-09-30T22:34:14.247105Z[0m [31mERROR[0m [2mglazewm[0m[2m:[0m Failed to send response: channel closed
[2m2025-09-30T22:34:14.301694Z[0m [31mERROR[0m [2mglazewm[0m[2m:[0m Failed to send response: channel closed
[2m2025-10-02T13:45:52.387423Z[0m [31mERROR[0m [2mglazewm[0m[2m:[0m No workspace config available to activate workspace.
[2m2025-10-08T13:58:40.461770Z[0m [31mERROR[0m [2mglazewm[0m[2m:[0m No workspace config available to activate workspace.
[2m2025-10-09T01:53:02.170054Z[0m [31mERROR[0m [2mglazewm[0m[2m:[0m No workspace config available to activate workspace.
[2m2025-10-09T14:03:01.752168Z[0m [31mERROR[0m [2mglazewm[0m[2m:[0m No workspace config available to activate workspace.
[2m2025-10-27T13:35:55.212775Z[0m [31mERROR[0m [2mglazewm[0m[2m:[0m Failed to send response: channel closed
[2m2025-10-27T13:35:55.215457Z[0m [31mERROR[0m [2mglazewm[0m[2m:[0m Failed to send response: channel closed
